mode: set
news-app-be23/internal/features/users/handler/request.go:18.47,24.2 1 0
news-app-be23/internal/features/users/handler/response.go:7.47,11.2 1 0
news-app-be23/internal/features/users/handler/users.go:15.56,19.2 1 0
news-app-be23/internal/features/users/handler/users.go:21.53,22.36 1 0
news-app-be23/internal/features/users/handler/users.go:22.36,25.17 3 0
news-app-be23/internal/features/users/handler/users.go:25.17,28.4 2 0
news-app-be23/internal/features/users/handler/users.go:29.3,30.17 2 0
news-app-be23/internal/features/users/handler/users.go:30.17,32.55 2 0
news-app-be23/internal/features/users/handler/users.go:32.55,34.5 1 0
news-app-be23/internal/features/users/handler/users.go:35.4,35.75 1 0
news-app-be23/internal/features/users/handler/users.go:37.3,37.77 1 0
news-app-be23/internal/features/users/handler/users.go:41.52,42.36 1 0
news-app-be23/internal/features/users/handler/users.go:42.36,45.17 3 0
news-app-be23/internal/features/users/handler/users.go:45.17,48.4 2 0
news-app-be23/internal/features/users/handler/users.go:49.3,50.17 2 0
news-app-be23/internal/features/users/handler/users.go:50.17,52.59 2 0
news-app-be23/internal/features/users/handler/users.go:52.59,54.5 1 0
news-app-be23/internal/features/users/handler/users.go:55.4,55.75 1 0
news-app-be23/internal/features/users/handler/users.go:57.3,57.89 1 0
news-app-be23/internal/features/users/repository/data.go:16.42,23.2 1 0
news-app-be23/internal/features/users/repository/data.go:25.40,31.2 1 0
news-app-be23/internal/features/users/repository/query.go:13.52,17.2 1 0
news-app-be23/internal/features/users/repository/query.go:19.65,22.16 3 0
news-app-be23/internal/features/users/repository/query.go:22.16,24.3 1 0
news-app-be23/internal/features/users/repository/query.go:25.2,25.35 1 0
news-app-be23/internal/features/users/repository/query.go:28.55,31.2 2 0
news-app-be23/configs/config.go:21.30,24.16 3 0
news-app-be23/configs/config.go:24.16,26.3 1 0
news-app-be23/configs/config.go:27.2,32.15 6 0
news-app-be23/configs/config.go:35.45,43.16 3 0
news-app-be23/configs/config.go:43.16,45.3 1 0
news-app-be23/configs/config.go:46.2,46.16 1 0
news-app-be23/internal/factory/factory.go:18.32,21.16 3 0
news-app-be23/internal/factory/factory.go:21.16,23.3 1 0
news-app-be23/internal/factory/factory.go:24.2,24.63 1 0
news-app-be23/internal/factory/factory.go:24.63,26.3 1 0
news-app-be23/internal/factory/factory.go:28.2,38.25 8 0
news-app-be23/main.go:9.13,13.2 3 0
news-app-be23/internal/helper/response.go:3.72,7.17 4 0
news-app-be23/internal/helper/response.go:7.17,9.3 1 0
news-app-be23/internal/helper/response.go:10.2,10.15 1 0
news-app-be23/internal/routes/route.go:9.48,10.45 1 0
news-app-be23/internal/routes/route.go:10.45,12.3 1 0
news-app-be23/internal/routes/route.go:14.2,15.30 2 0
news-app-be23/internal/utils/jwt.go:19.42,21.2 1 0
news-app-be23/internal/utils/jwt.go:23.66,25.18 2 0
news-app-be23/internal/utils/jwt.go:25.18,27.3 1 0
news-app-be23/internal/utils/jwt.go:28.2,35.16 7 0
news-app-be23/internal/utils/jwt.go:35.16,37.3 1 0
news-app-be23/internal/utils/jwt.go:38.2,38.20 1 0
news-app-be23/internal/utils/jwt.go:41.58,45.2 3 0
news-app-be23/internal/utils/password.go:11.52,13.2 1 0
news-app-be23/internal/utils/password.go:15.79,17.16 2 0
news-app-be23/internal/utils/password.go:17.16,19.3 1 0
news-app-be23/internal/utils/password.go:21.2,21.20 1 0
news-app-be23/internal/utils/password.go:24.82,26.2 1 0
news-app-be23/mocks/Handler.go:16.45,19.19 2 0
news-app-be23/mocks/Handler.go:19.19,20.47 1 0
news-app-be23/mocks/Handler.go:23.2,24.56 2 0
news-app-be23/mocks/Handler.go:24.56,26.3 1 0
news-app-be23/mocks/Handler.go:26.8,27.24 1 0
news-app-be23/mocks/Handler.go:27.24,29.4 1 0
news-app-be23/mocks/Handler.go:32.2,32.11 1 0
news-app-be23/mocks/Handler.go:36.46,39.19 2 0
news-app-be23/mocks/Handler.go:39.19,40.48 1 0
news-app-be23/mocks/Handler.go:43.2,44.56 2 0
news-app-be23/mocks/Handler.go:44.56,46.3 1 0
news-app-be23/mocks/Handler.go:46.8,47.24 1 0
news-app-be23/mocks/Handler.go:47.24,49.4 1 0
news-app-be23/mocks/Handler.go:52.2,52.11 1 0
news-app-be23/mocks/Handler.go:60.13,64.19 3 0
news-app-be23/mocks/Handler.go:64.19,64.49 1 0
news-app-be23/mocks/Handler.go:66.2,66.13 1 0
news-app-be23/mocks/JwtUtilityInterface.go:16.67,19.19 2 0
news-app-be23/mocks/JwtUtilityInterface.go:19.19,20.53 1 0
news-app-be23/mocks/JwtUtilityInterface.go:23.2,24.54 2 0
news-app-be23/mocks/JwtUtilityInterface.go:24.54,26.3 1 0
news-app-be23/mocks/JwtUtilityInterface.go:26.8,28.3 1 0
news-app-be23/mocks/JwtUtilityInterface.go:30.2,30.11 1 0
news-app-be23/mocks/JwtUtilityInterface.go:34.75,37.19 2 0
news-app-be23/mocks/JwtUtilityInterface.go:37.19,38.55 1 0
news-app-be23/mocks/JwtUtilityInterface.go:41.2,43.59 3 0
news-app-be23/mocks/JwtUtilityInterface.go:43.59,45.3 1 0
news-app-be23/mocks/JwtUtilityInterface.go:46.2,46.50 1 0
news-app-be23/mocks/JwtUtilityInterface.go:46.50,48.3 1 0
news-app-be23/mocks/JwtUtilityInterface.go:48.8,50.3 1 0
news-app-be23/mocks/JwtUtilityInterface.go:52.2,52.49 1 0
news-app-be23/mocks/JwtUtilityInterface.go:52.49,54.3 1 0
news-app-be23/mocks/JwtUtilityInterface.go:54.8,56.3 1 0
news-app-be23/mocks/JwtUtilityInterface.go:58.2,58.15 1 0
news-app-be23/mocks/JwtUtilityInterface.go:66.25,70.19 3 0
news-app-be23/mocks/JwtUtilityInterface.go:70.19,70.49 1 0
news-app-be23/mocks/JwtUtilityInterface.go:72.2,72.13 1 0
news-app-be23/mocks/PasswordUtilityInterface.go:13.91,16.19 2 0
news-app-be23/mocks/PasswordUtilityInterface.go:16.19,17.55 1 0
news-app-be23/mocks/PasswordUtilityInterface.go:20.2,21.59 2 0
news-app-be23/mocks/PasswordUtilityInterface.go:21.59,23.3 1 0
news-app-be23/mocks/PasswordUtilityInterface.go:23.8,25.3 1 0
news-app-be23/mocks/PasswordUtilityInterface.go:27.2,27.11 1 0
news-app-be23/mocks/PasswordUtilityInterface.go:31.88,34.19 2 0
news-app-be23/mocks/PasswordUtilityInterface.go:34.19,35.58 1 0
news-app-be23/mocks/PasswordUtilityInterface.go:38.2,40.61 3 0
news-app-be23/mocks/PasswordUtilityInterface.go:40.61,42.3 1 0
news-app-be23/mocks/PasswordUtilityInterface.go:43.2,43.52 1 0
news-app-be23/mocks/PasswordUtilityInterface.go:43.52,45.3 1 0
news-app-be23/mocks/PasswordUtilityInterface.go:45.8,46.24 1 0
news-app-be23/mocks/PasswordUtilityInterface.go:46.24,48.4 1 0
news-app-be23/mocks/PasswordUtilityInterface.go:51.2,51.51 1 0
news-app-be23/mocks/PasswordUtilityInterface.go:51.51,53.3 1 0
news-app-be23/mocks/PasswordUtilityInterface.go:53.8,55.3 1 0
news-app-be23/mocks/PasswordUtilityInterface.go:57.2,57.15 1 0
news-app-be23/mocks/PasswordUtilityInterface.go:65.30,69.19 3 0
news-app-be23/mocks/PasswordUtilityInterface.go:69.19,69.49 1 0
news-app-be23/mocks/PasswordUtilityInterface.go:71.2,71.13 1 0
news-app-be23/mocks/Query.go:17.61,20.19 2 0
news-app-be23/mocks/Query.go:20.19,21.47 1 0
news-app-be23/mocks/Query.go:24.2,26.65 3 0
news-app-be23/mocks/Query.go:26.65,28.3 1 0
news-app-be23/mocks/Query.go:29.2,29.56 1 0
news-app-be23/mocks/Query.go:29.56,31.3 1 0
news-app-be23/mocks/Query.go:31.8,33.3 1 0
news-app-be23/mocks/Query.go:35.2,35.51 1 0
news-app-be23/mocks/Query.go:35.51,37.3 1 0
news-app-be23/mocks/Query.go:37.8,39.3 1 0
news-app-be23/mocks/Query.go:41.2,41.15 1 0
news-app-be23/mocks/Query.go:45.51,48.19 2 0
news-app-be23/mocks/Query.go:48.19,49.48 1 0
news-app-be23/mocks/Query.go:52.2,53.55 2 0
news-app-be23/mocks/Query.go:53.55,55.3 1 0
news-app-be23/mocks/Query.go:55.8,57.3 1 0
news-app-be23/mocks/Query.go:59.2,59.11 1 0
news-app-be23/mocks/Query.go:67.11,71.19 3 0
news-app-be23/mocks/Query.go:71.19,71.49 1 0
news-app-be23/mocks/Query.go:73.2,73.13 1 0
news-app-be23/mocks/Services.go:17.77,20.19 2 0
news-app-be23/mocks/Services.go:20.19,21.47 1 0
news-app-be23/mocks/Services.go:24.2,26.69 3 0
news-app-be23/mocks/Services.go:26.69,28.3 1 0
news-app-be23/mocks/Services.go:29.2,29.60 1 0
news-app-be23/mocks/Services.go:29.60,31.3 1 0
news-app-be23/mocks/Services.go:31.8,33.3 1 0
news-app-be23/mocks/Services.go:35.2,35.59 1 0
news-app-be23/mocks/Services.go:35.59,37.3 1 0
news-app-be23/mocks/Services.go:37.8,39.3 1 0
news-app-be23/mocks/Services.go:41.2,41.15 1 0
news-app-be23/mocks/Services.go:45.54,48.19 2 0
news-app-be23/mocks/Services.go:48.19,49.48 1 0
news-app-be23/mocks/Services.go:52.2,53.55 2 0
news-app-be23/mocks/Services.go:53.55,55.3 1 0
news-app-be23/mocks/Services.go:55.8,57.3 1 0
news-app-be23/mocks/Services.go:59.2,59.11 1 0
news-app-be23/mocks/Services.go:67.14,71.19 3 0
news-app-be23/mocks/Services.go:71.19,71.49 1 0
news-app-be23/mocks/Services.go:73.2,73.13 1 0
news-app-be23/internal/features/users/services/service.go:15.114,21.2 1 1
news-app-be23/internal/features/users/services/service.go:23.58,25.16 2 1
news-app-be23/internal/features/users/services/service.go:25.16,27.3 1 1
news-app-be23/internal/features/users/services/service.go:28.2,30.16 3 1
news-app-be23/internal/features/users/services/service.go:30.16,32.3 1 1
news-app-be23/internal/features/users/services/service.go:33.2,33.12 1 1
news-app-be23/internal/features/users/services/service.go:36.81,38.16 2 1
news-app-be23/internal/features/users/services/service.go:38.16,40.3 1 1
news-app-be23/internal/features/users/services/service.go:41.2,42.16 2 1
news-app-be23/internal/features/users/services/service.go:42.16,44.3 1 1
news-app-be23/internal/features/users/services/service.go:45.2,46.16 2 1
news-app-be23/internal/features/users/services/service.go:46.16,48.3 1 1
news-app-be23/internal/features/users/services/service.go:49.2,49.19 1 1
news-app-be23/internal/utils/jwt.go:19.42,21.2 1 0
news-app-be23/internal/utils/jwt.go:23.66,25.18 2 0
news-app-be23/internal/utils/jwt.go:25.18,27.3 1 0
news-app-be23/internal/utils/jwt.go:28.2,35.16 7 0
news-app-be23/internal/utils/jwt.go:35.16,37.3 1 0
news-app-be23/internal/utils/jwt.go:38.2,38.20 1 0
news-app-be23/internal/utils/jwt.go:41.58,45.2 3 0
news-app-be23/internal/utils/password.go:11.52,13.2 1 0
news-app-be23/internal/utils/password.go:15.79,17.16 2 0
news-app-be23/internal/utils/password.go:17.16,19.3 1 0
news-app-be23/internal/utils/password.go:21.2,21.20 1 0
news-app-be23/internal/utils/password.go:24.82,26.2 1 0
news-app-be23/mocks/Handler.go:16.45,19.19 2 0
news-app-be23/mocks/Handler.go:19.19,20.47 1 0
news-app-be23/mocks/Handler.go:23.2,24.56 2 0
news-app-be23/mocks/Handler.go:24.56,26.3 1 0
news-app-be23/mocks/Handler.go:26.8,27.24 1 0
news-app-be23/mocks/Handler.go:27.24,29.4 1 0
news-app-be23/mocks/Handler.go:32.2,32.11 1 0
news-app-be23/mocks/Handler.go:36.46,39.19 2 0
news-app-be23/mocks/Handler.go:39.19,40.48 1 0
news-app-be23/mocks/Handler.go:43.2,44.56 2 0
news-app-be23/mocks/Handler.go:44.56,46.3 1 0
news-app-be23/mocks/Handler.go:46.8,47.24 1 0
news-app-be23/mocks/Handler.go:47.24,49.4 1 0
news-app-be23/mocks/Handler.go:52.2,52.11 1 0
news-app-be23/mocks/Handler.go:60.13,64.19 3 0
news-app-be23/mocks/Handler.go:64.19,64.49 1 0
news-app-be23/mocks/Handler.go:66.2,66.13 1 0
news-app-be23/mocks/JwtUtilityInterface.go:16.67,19.19 2 0
news-app-be23/mocks/JwtUtilityInterface.go:19.19,20.53 1 0
news-app-be23/mocks/JwtUtilityInterface.go:23.2,24.54 2 0
news-app-be23/mocks/JwtUtilityInterface.go:24.54,26.3 1 0
news-app-be23/mocks/JwtUtilityInterface.go:26.8,28.3 1 0
news-app-be23/mocks/JwtUtilityInterface.go:30.2,30.11 1 0
news-app-be23/mocks/JwtUtilityInterface.go:34.75,37.19 2 1
news-app-be23/mocks/JwtUtilityInterface.go:37.19,38.55 1 0
news-app-be23/mocks/JwtUtilityInterface.go:41.2,43.59 3 1
news-app-be23/mocks/JwtUtilityInterface.go:43.59,45.3 1 0
news-app-be23/mocks/JwtUtilityInterface.go:46.2,46.50 1 1
news-app-be23/mocks/JwtUtilityInterface.go:46.50,48.3 1 0
news-app-be23/mocks/JwtUtilityInterface.go:48.8,50.3 1 1
news-app-be23/mocks/JwtUtilityInterface.go:52.2,52.49 1 1
news-app-be23/mocks/JwtUtilityInterface.go:52.49,54.3 1 0
news-app-be23/mocks/JwtUtilityInterface.go:54.8,56.3 1 1
news-app-be23/mocks/JwtUtilityInterface.go:58.2,58.15 1 1
news-app-be23/mocks/JwtUtilityInterface.go:66.25,70.19 3 1
news-app-be23/mocks/JwtUtilityInterface.go:70.19,70.49 1 1
news-app-be23/mocks/JwtUtilityInterface.go:72.2,72.13 1 1
news-app-be23/mocks/PasswordUtilityInterface.go:13.91,16.19 2 1
news-app-be23/mocks/PasswordUtilityInterface.go:16.19,17.55 1 0
news-app-be23/mocks/PasswordUtilityInterface.go:20.2,21.59 2 1
news-app-be23/mocks/PasswordUtilityInterface.go:21.59,23.3 1 0
news-app-be23/mocks/PasswordUtilityInterface.go:23.8,25.3 1 1
news-app-be23/mocks/PasswordUtilityInterface.go:27.2,27.11 1 1
news-app-be23/mocks/PasswordUtilityInterface.go:31.88,34.19 2 1
news-app-be23/mocks/PasswordUtilityInterface.go:34.19,35.58 1 0
news-app-be23/mocks/PasswordUtilityInterface.go:38.2,40.61 3 1
news-app-be23/mocks/PasswordUtilityInterface.go:40.61,42.3 1 0
news-app-be23/mocks/PasswordUtilityInterface.go:43.2,43.52 1 1
news-app-be23/mocks/PasswordUtilityInterface.go:43.52,45.3 1 0
news-app-be23/mocks/PasswordUtilityInterface.go:45.8,46.24 1 1
news-app-be23/mocks/PasswordUtilityInterface.go:46.24,48.4 1 1
news-app-be23/mocks/PasswordUtilityInterface.go:51.2,51.51 1 1
news-app-be23/mocks/PasswordUtilityInterface.go:51.51,53.3 1 0
news-app-be23/mocks/PasswordUtilityInterface.go:53.8,55.3 1 1
news-app-be23/mocks/PasswordUtilityInterface.go:57.2,57.15 1 1
news-app-be23/mocks/PasswordUtilityInterface.go:65.30,69.19 3 1
news-app-be23/mocks/PasswordUtilityInterface.go:69.19,69.49 1 1
news-app-be23/mocks/PasswordUtilityInterface.go:71.2,71.13 1 1
news-app-be23/mocks/Query.go:17.61,20.19 2 1
news-app-be23/mocks/Query.go:20.19,21.47 1 0
news-app-be23/mocks/Query.go:24.2,26.65 3 1
news-app-be23/mocks/Query.go:26.65,28.3 1 0
news-app-be23/mocks/Query.go:29.2,29.56 1 1
news-app-be23/mocks/Query.go:29.56,31.3 1 0
news-app-be23/mocks/Query.go:31.8,33.3 1 1
news-app-be23/mocks/Query.go:35.2,35.51 1 1
news-app-be23/mocks/Query.go:35.51,37.3 1 0
news-app-be23/mocks/Query.go:37.8,39.3 1 1
news-app-be23/mocks/Query.go:41.2,41.15 1 1
news-app-be23/mocks/Query.go:45.51,48.19 2 1
news-app-be23/mocks/Query.go:48.19,49.48 1 0
news-app-be23/mocks/Query.go:52.2,53.55 2 1
news-app-be23/mocks/Query.go:53.55,55.3 1 0
news-app-be23/mocks/Query.go:55.8,57.3 1 1
news-app-be23/mocks/Query.go:59.2,59.11 1 1
news-app-be23/mocks/Query.go:67.11,71.19 3 1
news-app-be23/mocks/Query.go:71.19,71.49 1 1
news-app-be23/mocks/Query.go:73.2,73.13 1 1
news-app-be23/mocks/Services.go:17.77,20.19 2 0
news-app-be23/mocks/Services.go:20.19,21.47 1 0
news-app-be23/mocks/Services.go:24.2,26.69 3 0
news-app-be23/mocks/Services.go:26.69,28.3 1 0
news-app-be23/mocks/Services.go:29.2,29.60 1 0
news-app-be23/mocks/Services.go:29.60,31.3 1 0
news-app-be23/mocks/Services.go:31.8,33.3 1 0
news-app-be23/mocks/Services.go:35.2,35.59 1 0
news-app-be23/mocks/Services.go:35.59,37.3 1 0
news-app-be23/mocks/Services.go:37.8,39.3 1 0
news-app-be23/mocks/Services.go:41.2,41.15 1 0
news-app-be23/mocks/Services.go:45.54,48.19 2 0
news-app-be23/mocks/Services.go:48.19,49.48 1 0
news-app-be23/mocks/Services.go:52.2,53.55 2 0
news-app-be23/mocks/Services.go:53.55,55.3 1 0
news-app-be23/mocks/Services.go:55.8,57.3 1 0
news-app-be23/mocks/Services.go:59.2,59.11 1 0
news-app-be23/mocks/Services.go:67.14,71.19 3 0
news-app-be23/mocks/Services.go:71.19,71.49 1 0
news-app-be23/mocks/Services.go:73.2,73.13 1 0
